Started GET "/" for 127.0.0.1 at 2022-05-16 11:19:03 +0200
  [1m[35m (1.4ms)[0m  [1m[34mSELECT sqlite_version(*)[0m
Processing by Rails::WelcomeController#index as HTML
  Rendering /home/lucas/.rbenv/versions/3.0.3/lib/ruby/gems/3.0.0/gems/railties-6.1.6/lib/rails/templates/rails/welcome/index.html.erb
  Rendered /home/lucas/.rbenv/versions/3.0.3/lib/ruby/gems/3.0.0/gems/railties-6.1.6/lib/rails/templates/rails/welcome/index.html.erb (Duration: 8.3ms | Allocations: 588)
Completed 200 OK in 22ms (Views: 14.2ms | ActiveRecord: 0.0ms | Allocations: 3432)


Started GET "/ask" for 127.0.0.1 at 2022-05-16 11:26:52 +0200
  
SyntaxError (/home/lucas/code/lucas-vittaz/rails-stupid-coaching/config/routes.rb:3: syntax error, unexpected string literal, expecting `do' or '{' or '('
  get '/ask', to  'questions#ask'
                  ^
):
  
config/routes.rb:3: syntax error, unexpected string literal, expecting `do' or '{' or '('
config/routes.rb:3: syntax error, unexpected string literal, expecting `do' or '{' or '('
config/routes.rb:3: syntax error, unexpected string literal, expecting `do' or '{' or '('
Started GET "/ask" for 127.0.0.1 at 2022-05-16 11:27:48 +0200
Processing by QuestionsController#ask as HTML
Completed 406 Not Acceptable in 3ms (Allocations: 1097)


  
ActionController::MissingExactTemplate (QuestionsController#ask is missing a template for request formats: text/html):
  
actionpack (6.1.6) lib/action_controller/metal/implicit_render.rb:45:in `default_render'
actionpack (6.1.6) lib/action_controller/metal/basic_implicit_render.rb:6:in `block in send_action'
<internal:kernel>:90:in `tap'
actionpack (6.1.6) lib/action_controller/metal/basic_implicit_render.rb:6:in `send_action'
actionpack (6.1.6) lib/abstract_controller/base.rb:228:in `process_action'
actionpack (6.1.6) lib/action_controller/metal/rendering.rb:30:in `process_action'
actionpack (6.1.6) lib/abstract_controller/callbacks.rb:42:in `block in process_action'
activesupport (6.1.6) lib/active_support/callbacks.rb:106:in `run_callbacks'
actionpack (6.1.6) lib/abstract_controller/callbacks.rb:41:in `process_action'
actionpack (6.1.6) lib/action_controller/metal/rescue.rb:22:in `process_action'
actionpack (6.1.6) lib/action_controller/metal/instrumentation.rb:34:in `block in process_action'
activesupport (6.1.6) lib/active_support/notifications.rb:203:in `block in instrument'
activesupport (6.1.6) lib/active_support/notifications/instrumenter.rb:24:in `instrument'
activesupport (6.1.6) lib/active_support/notifications.rb:203:in `instrument'
actionpack (6.1.6) lib/action_controller/metal/instrumentation.rb:33:in `process_action'
actionpack (6.1.6) lib/action_controller/metal/params_wrapper.rb:249:in `process_action'
activerecord (6.1.6) lib/active_record/railties/controller_runtime.rb:27:in `process_action'
actionpack (6.1.6) lib/abstract_controller/base.rb:165:in `process'
actionview (6.1.6) lib/action_view/rendering.rb:39:in `process'
actionpack (6.1.6) lib/action_controller/metal.rb:190:in `dispatch'
actionpack (6.1.6) lib/action_controller/metal.rb:254:in `dispatch'
actionpack (6.1.6) lib/action_dispatch/routing/route_set.rb:50:in `dispatch'
actionpack (6.1.6) lib/action_dispatch/routing/route_set.rb:33:in `serve'
actionpack (6.1.6) lib/action_dispatch/journey/router.rb:50:in `block in serve'
actionpack (6.1.6) lib/action_dispatch/journey/router.rb:32:in `each'
actionpack (6.1.6) lib/action_dispatch/journey/router.rb:32:in `serve'
actionpack (6.1.6) lib/action_dispatch/routing/route_set.rb:842:in `call'
rack (2.2.3) lib/rack/tempfile_reaper.rb:15:in `call'
rack (2.2.3) lib/rack/etag.rb:27:in `call'
rack (2.2.3) lib/rack/conditional_get.rb:27:in `call'
rack (2.2.3) lib/rack/head.rb:12:in `call'
actionpack (6.1.6) lib/action_dispatch/http/permissions_policy.rb:22:in `call'
actionpack (6.1.6) lib/action_dispatch/http/content_security_policy.rb:19:in `call'
rack (2.2.3) lib/rack/session/abstract/id.rb:266:in `context'
rack (2.2.3) lib/rack/session/abstract/id.rb:260:in `call'
actionpack (6.1.6) lib/action_dispatch/middleware/cookies.rb:689:in `call'
activerecord (6.1.6) lib/active_record/migration.rb:601:in `call'
actionpack (6.1.6) lib/action_dispatch/middleware/callbacks.rb:27:in `block in call'
activesupport (6.1.6) lib/active_support/callbacks.rb:98:in `run_callbacks'
actionpack (6.1.6) lib/action_dispatch/middleware/callbacks.rb:26:in `call'
actionpack (6.1.6) lib/action_dispatch/middleware/executor.rb:14:in `call'
actionpack (6.1.6) lib/action_dispatch/middleware/actionable_exceptions.rb:18:in `call'
actionpack (6.1.6) lib/action_dispatch/middleware/debug_exceptions.rb:29:in `call'
web-console (4.2.0) lib/web_console/middleware.rb:132:in `call_app'
web-console (4.2.0) lib/web_console/middleware.rb:28:in `block in call'
web-console (4.2.0) lib/web_console/middleware.rb:17:in `catch'
web-console (4.2.0) lib/web_console/middleware.rb:17:in `call'
actionpack (6.1.6) lib/action_dispatch/middleware/show_exceptions.rb:33:in `call'
railties (6.1.6) lib/rails/rack/logger.rb:37:in `call_app'
railties (6.1.6) lib/rails/rack/logger.rb:26:in `block in call'
activesupport (6.1.6) lib/active_support/tagged_logging.rb:99:in `block in tagged'
activesupport (6.1.6) lib/active_support/tagged_logging.rb:37:in `tagged'
activesupport (6.1.6) lib/active_support/tagged_logging.rb:99:in `tagged'
railties (6.1.6) lib/rails/rack/logger.rb:26:in `call'
sprockets-rails (3.4.2) lib/sprockets/rails/quiet_assets.rb:13:in `call'
actionpack (6.1.6) lib/action_dispatch/middleware/remote_ip.rb:81:in `call'
actionpack (6.1.6) lib/action_dispatch/middleware/request_id.rb:26:in `call'
rack (2.2.3) lib/rack/method_override.rb:24:in `call'
rack (2.2.3) lib/rack/runtime.rb:22:in `call'
activesupport (6.1.6) lib/active_support/cache/strategy/local_cache_middleware.rb:29:in `call'
actionpack (6.1.6) lib/action_dispatch/middleware/executor.rb:14:in `call'
actionpack (6.1.6) lib/action_dispatch/middleware/static.rb:24:in `call'
rack (2.2.3) lib/rack/sendfile.rb:110:in `call'
actionpack (6.1.6) lib/action_dispatch/middleware/host_authorization.rb:148:in `call'
rack-mini-profiler (2.3.4) lib/mini_profiler/profiler.rb:393:in `call'
webpacker (5.4.3) lib/webpacker/dev_server_proxy.rb:25:in `perform_request'
rack-proxy (0.7.2) lib/rack/proxy.rb:67:in `call'
railties (6.1.6) lib/rails/engine.rb:539:in `call'
puma (5.6.4) lib/puma/configuration.rb:252:in `call'
puma (5.6.4) lib/puma/request.rb:77:in `block in handle_request'
puma (5.6.4) lib/puma/thread_pool.rb:340:in `with_force_shutdown'
puma (5.6.4) lib/puma/request.rb:76:in `handle_request'
puma (5.6.4) lib/puma/server.rb:441:in `process_client'
puma (5.6.4) lib/puma/thread_pool.rb:147:in `block in spawn_thread'
Started GET "/ask" for 127.0.0.1 at 2022-05-16 11:29:48 +0200
Processing by QuestionsController#ask as HTML
  Rendering layout layouts/application.html.erb
  Rendering questions/ask.html.erb within layouts/application
  Rendered questions/ask.html.erb within layouts/application (Duration: 4.3ms | Allocations: 146)
[Webpacker] Compiling...
[Webpacker] Compiled all packs in /home/lucas/code/lucas-vittaz/rails-stupid-coaching/public/packs
[Webpacker] Hash: 2adc44b7e404a69c8b8b
Version: webpack 4.46.0
Time: 1625ms
Built at: 05/16/2022 11:29:52 AM
                                     Asset       Size       Chunks                         Chunk Names
    js/application-f61b28ec097bbf932164.js   89.5 KiB  application  [emitted] [immutable]  application
js/application-f61b28ec097bbf932164.js.map   97.5 KiB  application  [emitted] [dev]        application
                             manifest.json  364 bytes               [emitted]              
Entrypoint application = js/application-f61b28ec097bbf932164.js js/application-f61b28ec097bbf932164.js.map
[./app/javascript/channels sync recursive _channel\.js$] ./app/javascript/channels sync _channel\.js$ 160 bytes {application} [built]
[./app/javascript/channels/index.js] 211 bytes {application} [built]
[./app/javascript/packs/application.js] 414 bytes {application} [built]
[./node_modules/webpack/buildin/module.js] (webpack)/buildin/module.js 552 bytes {application} [built]
    + 2 hidden modules

  Rendered layout layouts/application.html.erb (Duration: 3694.6ms | Allocations: 14618)
Completed 200 OK in 3700ms (Views: 3698.4ms | Allocations: 15782)


Started GET "/ask?%3F%3F%3F=" for 127.0.0.1 at 2022-05-16 11:31:43 +0200
Processing by QuestionsController#ask as HTML
  Parameters: {"???"=>""}
  Rendering layout layouts/application.html.erb
  Rendering questions/ask.html.erb within layouts/application
  Rendered questions/ask.html.erb within layouts/application (Duration: 1.2ms | Allocations: 145)
[Webpacker] Everything's up-to-date. Nothing to do
  Rendered layout layouts/application.html.erb (Duration: 37.9ms | Allocations: 3462)
Completed 200 OK in 43ms (Views: 40.9ms | Allocations: 4640)


Started GET "/GET?%3F%3F%3F=LOIUYTFDFYUI" for 127.0.0.1 at 2022-05-16 11:31:47 +0200
  
ActionController::RoutingError (No route matches [GET] "/GET"):
  
Started GET "/GET?%3F%3F%3F=LOIUYTFDFYUI" for 127.0.0.1 at 2022-05-16 11:34:40 +0200
  
ActionController::RoutingError (No route matches [GET] "/GET"):
  
Started GET "/ask?%3F%3F%3F=" for 127.0.0.1 at 2022-05-16 11:34:42 +0200
Processing by QuestionsController#ask as HTML
  Parameters: {"???"=>""}
  Rendering layout layouts/application.html.erb
  Rendering questions/ask.html.erb within layouts/application
  Rendered questions/ask.html.erb within layouts/application (Duration: 1.3ms | Allocations: 147)
[Webpacker] Everything's up-to-date. Nothing to do
  Rendered layout layouts/application.html.erb (Duration: 10.8ms | Allocations: 3482)
Completed 200 OK in 15ms (Views: 13.0ms | Allocations: 4711)


Started GET "/GET?%3F%3F%3F=LOIUYTFDFYUI" for 127.0.0.1 at 2022-05-16 11:34:43 +0200
  
ActionController::RoutingError (No route matches [GET] "/GET"):
  
Started GET "/ask?%3F%3F%3F=" for 127.0.0.1 at 2022-05-16 11:35:49 +0200
Processing by QuestionsController#ask as HTML
  Parameters: {"???"=>""}
  Rendering layout layouts/application.html.erb
  Rendering questions/ask.html.erb within layouts/application
  Rendered questions/ask.html.erb within layouts/application (Duration: 2.5ms | Allocations: 145)
[Webpacker] Everything's up-to-date. Nothing to do
  Rendered layout layouts/application.html.erb (Duration: 11.5ms | Allocations: 3460)
Completed 200 OK in 15ms (Views: 13.9ms | Allocations: 4510)


Started GET "/GET?question=sdfg" for 127.0.0.1 at 2022-05-16 11:35:51 +0200
  
ActionController::RoutingError (No route matches [GET] "/GET"):
  
Started GET "/ask?%3F%3F%3F=" for 127.0.0.1 at 2022-05-16 11:35:54 +0200
Processing by QuestionsController#ask as HTML
  Parameters: {"???"=>""}
  Rendering layout layouts/application.html.erb
  Rendering questions/ask.html.erb within layouts/application
  Rendered questions/ask.html.erb within layouts/application (Duration: 0.2ms | Allocations: 38)
[Webpacker] Everything's up-to-date. Nothing to do
  Rendered layout layouts/application.html.erb (Duration: 9.0ms | Allocations: 2942)
Completed 200 OK in 11ms (Views: 9.9ms | Allocations: 3315)


Started GET "/GET?question=sdfg" for 127.0.0.1 at 2022-05-16 11:42:05 +0200
  
ActionController::RoutingError (No route matches [GET] "/GET"):
  
Started GET "/ask?%3F%3F%3F=" for 127.0.0.1 at 2022-05-16 11:42:35 +0200
Processing by QuestionsController#ask as HTML
  Parameters: {"???"=>""}
  Rendering layout layouts/application.html.erb
  Rendering questions/ask.html.erb within layouts/application
  Rendered questions/ask.html.erb within layouts/application (Duration: 0.2ms | Allocations: 57)
[Webpacker] Everything's up-to-date. Nothing to do
  Rendered layout layouts/application.html.erb (Duration: 7.4ms | Allocations: 3218)
Completed 200 OK in 11ms (Views: 9.1ms | Allocations: 3949)


Started GET "/GET?question=sdfg" for 127.0.0.1 at 2022-05-16 11:42:36 +0200
  
ActionController::RoutingError (No route matches [GET] "/GET"):
  
Started GET "/ask?%3F%3F%3F=" for 127.0.0.1 at 2022-05-16 11:43:35 +0200
  [1m[35m (0.7ms)[0m  [1m[34mSELECT sqlite_version(*)[0m
Processing by QuestionsController#ask as HTML
  Parameters: {"???"=>""}
  Rendering layout layouts/application.html.erb
  Rendering questions/ask.html.erb within layouts/application
  Rendered questions/ask.html.erb within layouts/application (Duration: 1.2ms | Allocations: 351)
[Webpacker] Everything's up-to-date. Nothing to do
  Rendered layout layouts/application.html.erb (Duration: 60.6ms | Allocations: 6087)
Completed 200 OK in 117ms (Views: 75.9ms | ActiveRecord: 0.0ms | Allocations: 8495)


Started GET "/GET?question=sdfg" for 127.0.0.1 at 2022-05-16 11:43:36 +0200
  
ActionController::RoutingError (No route matches [GET] "/GET"):
  
Started GET "/ask?%3F%3F%3F=" for 127.0.0.1 at 2022-05-16 11:43:48 +0200
Processing by QuestionsController#ask as HTML
  Parameters: {"???"=>""}
  Rendering layout layouts/application.html.erb
  Rendering questions/ask.html.erb within layouts/application
  Rendered questions/ask.html.erb within layouts/application (Duration: 0.2ms | Allocations: 38)
[Webpacker] Everything's up-to-date. Nothing to do
  Rendered layout layouts/application.html.erb (Duration: 6.9ms | Allocations: 3079)
Completed 200 OK in 9ms (Views: 8.1ms | ActiveRecord: 0.0ms | Allocations: 3526)


Started GET "/GET?question=sdqdfsgdgthh" for 127.0.0.1 at 2022-05-16 11:43:51 +0200
  
ActionController::RoutingError (No route matches [GET] "/GET"):
  
Started GET "/ask?%3F%3F%3F=" for 127.0.0.1 at 2022-05-16 11:44:20 +0200
Processing by QuestionsController#ask as HTML
  Parameters: {"???"=>""}
  Rendering layout layouts/application.html.erb
  Rendering questions/ask.html.erb within layouts/application
  Rendered questions/ask.html.erb within layouts/application (Duration: 1.5ms | Allocations: 145)
[Webpacker] Everything's up-to-date. Nothing to do
  Rendered layout layouts/application.html.erb (Duration: 10.1ms | Allocations: 3462)
Completed 200 OK in 15ms (Views: 13.5ms | ActiveRecord: 0.0ms | Allocations: 4513)


Started GET "/answer?question=sqdfgh" for 127.0.0.1 at 2022-05-16 11:44:22 +0200
Processing by QuestionsController#answer as HTML
  Parameters: {"question"=>"sqdfgh"}
  Rendering layout layouts/application.html.erb
  Rendering questions/answer.html.erb within layouts/application
  Rendered questions/answer.html.erb within layouts/application (Duration: 0.6ms | Allocations: 97)
[Webpacker] Everything's up-to-date. Nothing to do
  Rendered layout layouts/application.html.erb (Duration: 6.7ms | Allocations: 2996)
Completed 200 OK in 10ms (Views: 7.6ms | ActiveRecord: 0.0ms | Allocations: 3559)


Started GET "/answer?question=sqdfgh" for 127.0.0.1 at 2022-05-16 11:47:02 +0200
Processing by QuestionsController#answer as HTML
  Parameters: {"question"=>"sqdfgh"}
  Rendering layout layouts/application.html.erb
  Rendering questions/answer.html.erb within layouts/application
  Rendered questions/answer.html.erb within layouts/application (Duration: 0.9ms | Allocations: 144)
[Webpacker] Everything's up-to-date. Nothing to do
  Rendered layout layouts/application.html.erb (Duration: 12.5ms | Allocations: 3461)
Completed 200 OK in 17ms (Views: 14.8ms | Allocations: 4713)


Started GET "/ask?%3F%3F%3F=" for 127.0.0.1 at 2022-05-16 11:47:08 +0200
Processing by QuestionsController#ask as HTML
  Parameters: {"???"=>""}
  Rendering layout layouts/application.html.erb
  Rendering questions/ask.html.erb within layouts/application
  Rendered questions/ask.html.erb within layouts/application (Duration: 1.2ms | Allocations: 107)
[Webpacker] Everything's up-to-date. Nothing to do
  Rendered layout layouts/application.html.erb (Duration: 9.9ms | Allocations: 3004)
Completed 200 OK in 13ms (Views: 11.1ms | Allocations: 3531)


Started GET "/answer?question=sqdfghqsdfghjkjhgfdsdfghjjjjjjjjjjjjjjjjjjjjjjjjjjjjjjjjjjjjjjjjjjj" for 127.0.0.1 at 2022-05-16 11:47:14 +0200
Processing by QuestionsController#answer as HTML
  Parameters: {"question"=>"sqdfghqsdfghjkjhgfdsdfghjjjjjjjjjjjjjjjjjjjjjjjjjjjjjjjjjjjjjjjjjjj"}
  Rendering layout layouts/application.html.erb
  Rendering questions/answer.html.erb within layouts/application
  Rendered questions/answer.html.erb within layouts/application (Duration: 0.3ms | Allocations: 38)
[Webpacker] Everything's up-to-date. Nothing to do
  Rendered layout layouts/application.html.erb (Duration: 9.4ms | Allocations: 2934)
Completed 200 OK in 12ms (Views: 10.4ms | Allocations: 3307)


Started GET "/ask?%3F%3F%3F=" for 127.0.0.1 at 2022-05-16 11:47:57 +0200
Processing by QuestionsController#ask as HTML
  Parameters: {"???"=>""}
  Rendering layout layouts/application.html.erb
  Rendering questions/ask.html.erb within layouts/application
  Rendered questions/ask.html.erb within layouts/application (Duration: 0.4ms | Allocations: 38)
[Webpacker] Everything's up-to-date. Nothing to do
  Rendered layout layouts/application.html.erb (Duration: 8.4ms | Allocations: 2935)
Completed 200 OK in 11ms (Views: 9.6ms | Allocations: 3292)


Started GET "/answer?question=%3DI+am+going+to+work" for 127.0.0.1 at 2022-05-16 11:48:03 +0200
Processing by QuestionsController#answer as HTML
  Parameters: {"question"=>"=I am going to work"}
  Rendering layout layouts/application.html.erb
  Rendering questions/answer.html.erb within layouts/application
  Rendered questions/answer.html.erb within layouts/application (Duration: 0.3ms | Allocations: 38)
[Webpacker] Everything's up-to-date. Nothing to do
  Rendered layout layouts/application.html.erb (Duration: 8.1ms | Allocations: 2934)
Completed 200 OK in 11ms (Views: 10.2ms | Allocations: 3303)


Started GET "/answer?question=%3DI+am+going+to+work" for 127.0.0.1 at 2022-05-16 11:50:11 +0200
Processing by QuestionsController#answer as HTML
  Parameters: {"question"=>"=I am going to work"}
  Rendering layout layouts/application.html.erb
  Rendering questions/answer.html.erb within layouts/application
  Rendered questions/answer.html.erb within layouts/application (Duration: 0.7ms | Allocations: 159)
[Webpacker] Everything's up-to-date. Nothing to do
  Rendered layout layouts/application.html.erb (Duration: 8.0ms | Allocations: 3462)
Completed 200 OK in 13ms (Views: 11.0ms | Allocations: 4704)


  [1m[35m (0.5ms)[0m  [1m[34mSELECT sqlite_version(*)[0m
  [1m[35m (23.0ms)[0m  [1m[35mCREATE TABLE "schema_migrations" ("version" varchar NOT NULL PRIMARY KEY)[0m
  [1m[35m (11.1ms)[0m  [1m[35mCREATE TABLE "ar_internal_metadata" ("key" varchar NOT NULL PRIMARY KEY, "value" varchar, "created_at" datetime(6) NOT NULL, "updated_at" datetime(6) NOT NULL)[0m
  [1m[36mActiveRecord::InternalMetadata Load (0.3ms)[0m  [1m[34mSELECT "ar_internal_metadata".* FROM "ar_internal_metadata" WHERE "ar_internal_metadata"."key" = ? LIMIT ?[0m  [["key", "environment"], ["LIMIT", 1]]
  [1m[36mTRANSACTION (0.1ms)[0m  [1m[36mbegin transaction[0m
  [1m[36mActiveRecord::InternalMetadata Create (0.7ms)[0m  [1m[32mINSERT INTO "ar_internal_metadata" ("key", "value", "created_at", "updated_at") VALUES (?, ?, ?, ?)[0m  [["key", "environment"], ["value", "development"], ["created_at", "2022-05-16 09:52:13.539173"], ["updated_at", "2022-05-16 09:52:13.539173"]]
  [1m[36mTRANSACTION (7.9ms)[0m  [1m[36mcommit transaction[0m
  [1m[35m (0.1ms)[0m  [1m[34mSELECT sqlite_version(*)[0m
  [1m[35m (0.1ms)[0m  [1m[34mSELECT "schema_migrations"."version" FROM "schema_migrations" ORDER BY "schema_migrations"."version" ASC[0m
Started GET "/answer?question=%3DI+am+going+to+work" for 127.0.0.1 at 2022-05-16 11:53:42 +0200
Processing by QuestionsController#answer as HTML
  Parameters: {"question"=>"=I am going to work"}
  Rendering layout layouts/application.html.erb
  Rendering questions/answer.html.erb within layouts/application
  Rendered questions/answer.html.erb within layouts/application (Duration: 2.8ms | Allocations: 1110)
  Rendered layout layouts/application.html.erb (Duration: 3.7ms | Allocations: 1189)
Completed 500 Internal Server Error in 8ms (Allocations: 2408)


  
ActionView::SyntaxErrorInTemplate (Encountered a syntax error while rendering template: check <%=@answer%>
<%= link_to 'ask', 'Ask a new question%>

):
1:    <%=@answer%>
2:    <%= link_to 'ask', 'Ask a new question%>
  
app/views/questions/answer.html.erb:5: unterminated string meets end of file
app/views/questions/answer.html.erb:5: syntax error, unexpected end-of-input, expecting ')'
app/views/questions/answer.html.erb:5: unterminated string meets end of file
app/views/questions/answer.html.erb:5: syntax error, unexpected end-of-input, expecting ')'
app/views/questions/answer.html.erb:5: unterminated string meets end of file
app/views/questions/answer.html.erb:5: syntax error, unexpected end-of-input, expecting ')'
app/views/questions/answer.html.erb:5: unterminated string meets end of file
app/views/questions/answer.html.erb:5: syntax error, unexpected end-of-input, expecting ')'
app/views/questions/answer.html.erb:5: unterminated string meets end of file
app/views/questions/answer.html.erb:5: syntax error, unexpected end-of-input, expecting ')'
app/views/questions/answer.html.erb:5: unterminated string meets end of file
app/views/questions/answer.html.erb:5: syntax error, unexpected end-of-input, expecting ')'
Started GET "/answer?question=%3DI+am+going+to+work" for 127.0.0.1 at 2022-05-16 11:53:56 +0200
Processing by QuestionsController#answer as HTML
  Parameters: {"question"=>"=I am going to work"}
  Rendering layout layouts/application.html.erb
  Rendering questions/answer.html.erb within layouts/application
  Rendered questions/answer.html.erb within layouts/application (Duration: 1.4ms | Allocations: 1111)
  Rendered layout layouts/application.html.erb (Duration: 1.9ms | Allocations: 1190)
Completed 500 Internal Server Error in 10ms (Allocations: 2264)


  
ActionView::SyntaxErrorInTemplate (Encountered a syntax error while rendering template: check <%=@answer%>
<%= link_to '/ask', 'Ask a new question%>

):
1:    <%=@answer%>
2:    <%= link_to '/ask', 'Ask a new question%>
  
app/views/questions/answer.html.erb:5: unterminated string meets end of file
app/views/questions/answer.html.erb:5: syntax error, unexpected end-of-input, expecting ')'
app/views/questions/answer.html.erb:5: unterminated string meets end of file
app/views/questions/answer.html.erb:5: syntax error, unexpected end-of-input, expecting ')'
app/views/questions/answer.html.erb:5: unterminated string meets end of file
app/views/questions/answer.html.erb:5: syntax error, unexpected end-of-input, expecting ')'
app/views/questions/answer.html.erb:5: unterminated string meets end of file
app/views/questions/answer.html.erb:5: syntax error, unexpected end-of-input, expecting ')'
app/views/questions/answer.html.erb:5: unterminated string meets end of file
app/views/questions/answer.html.erb:5: syntax error, unexpected end-of-input, expecting ')'
app/views/questions/answer.html.erb:5: unterminated string meets end of file
app/views/questions/answer.html.erb:5: syntax error, unexpected end-of-input, expecting ')'
Started GET "/answer?question=%3DI+am+going+to+work" for 127.0.0.1 at 2022-05-16 11:54:58 +0200
Processing by QuestionsController#answer as HTML
  Parameters: {"question"=>"=I am going to work"}
  Rendering layout layouts/application.html.erb
  Rendering questions/answer.html.erb within layouts/application
  Rendered questions/answer.html.erb within layouts/application (Duration: 2.1ms | Allocations: 1114)
  Rendered layout layouts/application.html.erb (Duration: 3.0ms | Allocations: 1193)
Completed 500 Internal Server Error in 7ms (Allocations: 2267)


  
ActionView::SyntaxErrorInTemplate (Encountered a syntax error while rendering template: check <%=@answer%>
<%= link_to "Ask a new question", /ask %>

):
1:    <%=@answer%>
2:    <%= link_to "Ask a new question", /ask %>
  
app/views/questions/answer.html.erb:5: unterminated regexp meets end of file
app/views/questions/answer.html.erb:5: unmatched close parenthesis: /ask );
app/views/questions/answer.html.erb:5: syntax error, unexpected end-of-input, expecting ')'
app/views/questions/answer.html.erb:5: unterminated regexp meets end of file
app/views/questions/answer.html.erb:5: unmatched close parenthesis: /ask );
app/views/questions/answer.html.erb:5: syntax error, unexpected end-of-input, expecting ')'
app/views/questions/answer.html.erb:5: unterminated regexp meets end of file
app/views/questions/answer.html.erb:5: unmatched close parenthesis: /ask );
app/views/questions/answer.html.erb:5: syntax error, unexpected end-of-input, expecting ')'
app/views/questions/answer.html.erb:5: unterminated regexp meets end of file
app/views/questions/answer.html.erb:5: unmatched close parenthesis: /ask );
app/views/questions/answer.html.erb:5: syntax error, unexpected end-of-input, expecting ')'
app/views/questions/answer.html.erb:5: unterminated regexp meets end of file
app/views/questions/answer.html.erb:5: unmatched close parenthesis: /ask );
app/views/questions/answer.html.erb:5: syntax error, unexpected end-of-input, expecting ')'
app/views/questions/answer.html.erb:5: unterminated regexp meets end of file
app/views/questions/answer.html.erb:5: unmatched close parenthesis: /ask );
app/views/questions/answer.html.erb:5: syntax error, unexpected end-of-input, expecting ')'
Started GET "/answer?question=%3DI+am+going+to+work" for 127.0.0.1 at 2022-05-16 11:55:20 +0200
Processing by QuestionsController#answer as HTML
  Parameters: {"question"=>"=I am going to work"}
  Rendering layout layouts/application.html.erb
  Rendering questions/answer.html.erb within layouts/application
  Rendered questions/answer.html.erb within layouts/application (Duration: 7.8ms | Allocations: 3965)
  Rendered layout layouts/application.html.erb (Duration: 8.3ms | Allocations: 4043)
Completed 500 Internal Server Error in 13ms (Allocations: 5120)


  
ActionView::Template::Error (undefined local variable or method `ask' for #<ActionView::Base:0x00000000008480>):
    1: <%=@answer%>
    2: <%= link_to "Ask a new question", ask %>
  
app/views/questions/answer.html.erb:2
Started GET "/answer?question=%3DI+am+going+to+work" for 127.0.0.1 at 2022-05-16 11:55:53 +0200
Processing by QuestionsController#answer as HTML
  Parameters: {"question"=>"=I am going to work"}
  Rendering layout layouts/application.html.erb
  Rendering questions/answer.html.erb within layouts/application
  Rendered questions/answer.html.erb within layouts/application (Duration: 7.1ms | Allocations: 3744)
  Rendered layout layouts/application.html.erb (Duration: 7.6ms | Allocations: 3816)
Completed 500 Internal Server Error in 9ms (Allocations: 4215)


  
ActionView::Template::Error (undefined local variable or method `ask' for #<ActionView::Base:0x00000000008890>):
    1: <%=@answer%>
    2: <%= link_to "Ask a new question", ask %>
  
app/views/questions/answer.html.erb:2
Started GET "/ask?%3F%3F%3F=" for 127.0.0.1 at 2022-05-16 11:55:55 +0200
Processing by QuestionsController#ask as HTML
  Parameters: {"???"=>""}
  Rendering layout layouts/application.html.erb
  Rendering questions/ask.html.erb within layouts/application
  Rendered questions/ask.html.erb within layouts/application (Duration: 0.7ms | Allocations: 107)
[Webpacker] Everything's up-to-date. Nothing to do
  Rendered layout layouts/application.html.erb (Duration: 11.1ms | Allocations: 3403)
Completed 200 OK in 13ms (Views: 11.9ms | Allocations: 3904)


Started GET "/answer?question=%3DI+am+going+to+work" for 127.0.0.1 at 2022-05-16 11:55:57 +0200
Processing by QuestionsController#answer as HTML
  Parameters: {"question"=>"=I am going to work"}
  Rendering layout layouts/application.html.erb
  Rendering questions/answer.html.erb within layouts/application
  Rendered questions/answer.html.erb within layouts/application (Duration: 7.1ms | Allocations: 3752)
  Rendered layout layouts/application.html.erb (Duration: 8.0ms | Allocations: 3824)
Completed 500 Internal Server Error in 11ms (Allocations: 4165)


  
ActionView::Template::Error (undefined local variable or method `ask' for #<ActionView::Base:0x00000000008cc8>):
    1: <%=@answer%>
    2: <%= link_to "Ask a new question", ask %>
  
app/views/questions/answer.html.erb:2
Started GET "/ask?%3F%3F%3F=" for 127.0.0.1 at 2022-05-16 11:56:37 +0200
Processing by QuestionsController#ask as HTML
  Parameters: {"???"=>""}
  Rendering layout layouts/application.html.erb
  Rendering questions/ask.html.erb within layouts/application
  Rendered questions/ask.html.erb within layouts/application (Duration: 0.2ms | Allocations: 38)
[Webpacker] Everything's up-to-date. Nothing to do
  Rendered layout layouts/application.html.erb (Duration: 9.5ms | Allocations: 2945)
Completed 200 OK in 11ms (Views: 10.6ms | Allocations: 3302)


Started GET "/answer?question=%3DI+am+going+to+work%3F" for 127.0.0.1 at 2022-05-16 11:56:43 +0200
Processing by QuestionsController#answer as HTML
  Parameters: {"question"=>"=I am going to work?"}
  Rendering layout layouts/application.html.erb
  Rendering questions/answer.html.erb within layouts/application
  Rendered questions/answer.html.erb within layouts/application (Duration: 7.9ms | Allocations: 3752)
  Rendered layout layouts/application.html.erb (Duration: 8.5ms | Allocations: 3824)
Completed 500 Internal Server Error in 11ms (Allocations: 4165)


  
ActionView::Template::Error (undefined local variable or method `ask' for #<ActionView::Base:0x00000000009060>):
    1: <%=@answer%>
    2: <%= link_to "Ask a new question", ask %>
  
app/views/questions/answer.html.erb:2
Started GET "/ask?%3F%3F%3F=" for 127.0.0.1 at 2022-05-16 11:56:55 +0200
Processing by QuestionsController#ask as HTML
  Parameters: {"???"=>""}
  Rendering layout layouts/application.html.erb
  Rendering questions/ask.html.erb within layouts/application
  Rendered questions/ask.html.erb within layouts/application (Duration: 1.7ms | Allocations: 144)
[Webpacker] Everything's up-to-date. Nothing to do
  Rendered layout layouts/application.html.erb (Duration: 9.6ms | Allocations: 3469)
Completed 200 OK in 15ms (Views: 13.9ms | Allocations: 4508)


Started GET "/answer?question=%3DI+am+going+to+work%3F" for 127.0.0.1 at 2022-05-16 11:56:57 +0200
Processing by QuestionsController#answer as HTML
  Parameters: {"question"=>"=I am going to work?"}
  Rendering layout layouts/application.html.erb
  Rendering questions/answer.html.erb within layouts/application
  Rendered questions/answer.html.erb within layouts/application (Duration: 1.4ms | Allocations: 133)
[Webpacker] Everything's up-to-date. Nothing to do
  Rendered layout layouts/application.html.erb (Duration: 9.4ms | Allocations: 3030)
Completed 200 OK in 12ms (Views: 10.7ms | Allocations: 3573)


Started GET "/answer?question=%3DI+am+going+to+work%3F" for 127.0.0.1 at 2022-05-16 11:58:55 +0200
Processing by QuestionsController#answer as HTML
  Parameters: {"question"=>"=I am going to work?"}
  Rendering layout layouts/application.html.erb
  Rendering questions/answer.html.erb within layouts/application
  Rendered questions/answer.html.erb within layouts/application (Duration: 1.5ms | Allocations: 226)
[Webpacker] Everything's up-to-date. Nothing to do
  Rendered layout layouts/application.html.erb (Duration: 9.7ms | Allocations: 3518)
Completed 200 OK in 14ms (Views: 12.2ms | Allocations: 4578)


Started GET "/ask" for 127.0.0.1 at 2022-05-16 11:58:56 +0200
Processing by QuestionsController#ask as HTML
  Rendering layout layouts/application.html.erb
  Rendering questions/ask.html.erb within layouts/application
  Rendered questions/ask.html.erb within layouts/application (Duration: 1.4ms | Allocations: 107)
[Webpacker] Everything's up-to-date. Nothing to do
  Rendered layout layouts/application.html.erb (Duration: 20.2ms | Allocations: 3004)
Completed 200 OK in 24ms (Views: 21.9ms | Allocations: 3535)


Started GET "/answer?question=" for 127.0.0.1 at 2022-05-16 11:58:57 +0200
Processing by QuestionsController#answer as HTML
  Parameters: {"question"=>""}
  Rendering layout layouts/application.html.erb
  Rendering questions/answer.html.erb within layouts/application
  Rendered questions/answer.html.erb within layouts/application (Duration: 0.4ms | Allocations: 59)
[Webpacker] Everything's up-to-date. Nothing to do
  Rendered layout layouts/application.html.erb (Duration: 8.2ms | Allocations: 2955)
Completed 200 OK in 11ms (Views: 9.7ms | Allocations: 3327)


Started GET "/ask" for 127.0.0.1 at 2022-05-16 12:02:24 +0200
Processing by QuestionsController#ask as HTML
  Rendering layout layouts/application.html.erb
  Rendering questions/ask.html.erb within layouts/application
  Rendered questions/ask.html.erb within layouts/application (Duration: 0.2ms | Allocations: 57)
[Webpacker] Everything's up-to-date. Nothing to do
  Rendered layout layouts/application.html.erb (Duration: 8.0ms | Allocations: 3189)
Completed 200 OK in 10ms (Views: 9.2ms | Allocations: 3922)


Started GET "/ask" for 127.0.0.1 at 2022-05-16 12:03:22 +0200
Processing by QuestionsController#ask as HTML
  Rendering layout layouts/application.html.erb
  Rendering questions/ask.html.erb within layouts/application
  Rendered questions/ask.html.erb within layouts/application (Duration: 0.3ms | Allocations: 38)
  Rendered layout layouts/application.html.erb (Duration: 21.5ms | Allocations: 4886)
Completed 500 Internal Server Error in 25ms (Allocations: 5271)


  
ActionView::Template::Error (Error: Undefined variable: "$gray".
        on line 5:15 of app/assets/stylesheets/questions.scss
>>   background: $gray; // Using this variable

   --------------^
):
     6:     <%= csrf_meta_tags %>
     7:     <%= csp_meta_tag %>
     8: 
     9:     <%= stylesheet_link_tag 'application', media: 'all', 'data-turbolinks-track': 'reload' %>
    10:     <%= javascript_pack_tag 'application', 'data-turbolinks-track': 'reload' %>
    11:   </head>
    12: 
  
app/assets/stylesheets/questions.scss:5
app/views/layouts/application.html.erb:9
Started GET "/ask" for 127.0.0.1 at 2022-05-16 12:04:19 +0200
Processing by QuestionsController#ask as HTML
  Rendering layout layouts/application.html.erb
  Rendering questions/ask.html.erb within layouts/application
  Rendered questions/ask.html.erb within layouts/application (Duration: 0.2ms | Allocations: 38)
[Webpacker] Everything's up-to-date. Nothing to do
  Rendered layout layouts/application.html.erb (Duration: 27.9ms | Allocations: 8036)
Completed 200 OK in 30ms (Views: 29.0ms | Allocations: 8393)


Started GET "/ask" for 127.0.0.1 at 2022-05-16 12:04:21 +0200
Processing by QuestionsController#ask as HTML
  Rendering layout layouts/application.html.erb
  Rendering questions/ask.html.erb within layouts/application
  Rendered questions/ask.html.erb within layouts/application (Duration: 0.3ms | Allocations: 38)
[Webpacker] Everything's up-to-date. Nothing to do
  Rendered layout layouts/application.html.erb (Duration: 9.2ms | Allocations: 2935)
Completed 200 OK in 12ms (Views: 10.6ms | Allocations: 3292)


Started GET "/answer?question=wdf" for 127.0.0.1 at 2022-05-16 12:04:24 +0200
Processing by QuestionsController#answer as HTML
  Parameters: {"question"=>"wdf"}
  Rendering layout layouts/application.html.erb
  Rendering questions/answer.html.erb within layouts/application
  Rendered questions/answer.html.erb within layouts/application (Duration: 0.5ms | Allocations: 68)
[Webpacker] Everything's up-to-date. Nothing to do
  Rendered layout layouts/application.html.erb (Duration: 8.0ms | Allocations: 2964)
Completed 200 OK in 10ms (Views: 9.0ms | Allocations: 3337)


Started GET "/answer?question=wdf" for 127.0.0.1 at 2022-05-16 12:10:01 +0200
Processing by QuestionsController#answer as HTML
  Parameters: {"question"=>"wdf"}
  Rendering layout layouts/application.html.erb
  Rendering questions/answer.html.erb within layouts/application
  Rendered questions/answer.html.erb within layouts/application (Duration: 0.2ms | Allocations: 59)
[Webpacker] Everything's up-to-date. Nothing to do
  Rendered layout layouts/application.html.erb (Duration: 27.9ms | Allocations: 10009)
Completed 200 OK in 29ms (Views: 28.7ms | Allocations: 10378)


Started GET "/answer?question=wdf" for 127.0.0.1 at 2022-05-16 12:10:02 +0200
Processing by QuestionsController#answer as HTML
  Parameters: {"question"=>"wdf"}
  Rendering layout layouts/application.html.erb
  Rendering questions/answer.html.erb within layouts/application
  Rendered questions/answer.html.erb within layouts/application (Duration: 0.5ms | Allocations: 59)
[Webpacker] Everything's up-to-date. Nothing to do
  Rendered layout layouts/application.html.erb (Duration: 10.3ms | Allocations: 2957)
Completed 200 OK in 13ms (Views: 11.5ms | Allocations: 3326)


Started GET "/ask" for 127.0.0.1 at 2022-05-16 12:10:03 +0200
Processing by QuestionsController#ask as HTML
  Rendering layout layouts/application.html.erb
  Rendering questions/ask.html.erb within layouts/application
  Rendered questions/ask.html.erb within layouts/application (Duration: 0.3ms | Allocations: 38)
[Webpacker] Everything's up-to-date. Nothing to do
  Rendered layout layouts/application.html.erb (Duration: 13.8ms | Allocations: 2937)
Completed 200 OK in 17ms (Views: 15.6ms | Allocations: 3297)


Started GET "/answer?question=wxcvbn" for 127.0.0.1 at 2022-05-16 12:10:05 +0200
Processing by QuestionsController#answer as HTML
  Parameters: {"question"=>"wxcvbn"}
  Rendering layout layouts/application.html.erb
  Rendering questions/answer.html.erb within layouts/application
  Rendered questions/answer.html.erb within layouts/application (Duration: 0.4ms | Allocations: 59)
[Webpacker] Everything's up-to-date. Nothing to do
  Rendered layout layouts/application.html.erb (Duration: 8.9ms | Allocations: 2957)
Completed 200 OK in 11ms (Views: 9.9ms | Allocations: 3327)


Started GET "/ask" for 127.0.0.1 at 2022-05-16 12:10:06 +0200
Processing by QuestionsController#ask as HTML
  Rendering layout layouts/application.html.erb
  Rendering questions/ask.html.erb within layouts/application
  Rendered questions/ask.html.erb within layouts/application (Duration: 0.3ms | Allocations: 38)
[Webpacker] Everything's up-to-date. Nothing to do
  Rendered layout layouts/application.html.erb (Duration: 17.8ms | Allocations: 2942)
Completed 200 OK in 21ms (Views: 19.5ms | Allocations: 3303)


Started GET "/ask" for 127.0.0.1 at 2022-05-16 12:11:12 +0200
Processing by QuestionsController#ask as HTML
  Rendering layout layouts/application.html.erb
  Rendering questions/ask.html.erb within layouts/application
  Rendered questions/ask.html.erb within layouts/application (Duration: 0.7ms | Allocations: 152)
[Webpacker] Everything's up-to-date. Nothing to do
  Rendered layout layouts/application.html.erb (Duration: 10.1ms | Allocations: 3471)
Completed 200 OK in 14ms (Views: 12.3ms | Allocations: 4510)


Started GET "/ask" for 127.0.0.1 at 2022-05-16 12:11:24 +0200
Processing by QuestionsController#ask as HTML
  Rendering layout layouts/application.html.erb
  Rendering questions/ask.html.erb within layouts/application
  Rendered questions/ask.html.erb within layouts/application (Duration: 0.9ms | Allocations: 147)
[Webpacker] Everything's up-to-date. Nothing to do
  Rendered layout layouts/application.html.erb (Duration: 10.0ms | Allocations: 3464)
Completed 200 OK in 15ms (Views: 13.3ms | Allocations: 4553)


Started GET "/ask" for 127.0.0.1 at 2022-05-16 12:14:18 +0200
Processing by QuestionsController#ask as HTML
  Rendering layout layouts/application.html.erb
  Rendering questions/ask.html.erb within layouts/application
  Rendered questions/ask.html.erb within layouts/application (Duration: 1.0ms | Allocations: 146)
[Webpacker] Everything's up-to-date. Nothing to do
  Rendered layout layouts/application.html.erb (Duration: 9.1ms | Allocations: 3454)
Completed 200 OK in 14ms (Views: 12.1ms | Allocations: 4697)


Started GET "/answer?question=ert" for 127.0.0.1 at 2022-05-16 12:14:20 +0200
Processing by QuestionsController#answer as HTML
  Parameters: {"question"=>"ert"}
  Rendering layout layouts/application.html.erb
  Rendering questions/answer.html.erb within layouts/application
  Rendered questions/answer.html.erb within layouts/application (Duration: 1.1ms | Allocations: 194)
[Webpacker] Everything's up-to-date. Nothing to do
  Rendered layout layouts/application.html.erb (Duration: 8.7ms | Allocations: 3099)
Completed 200 OK in 13ms (Views: 10.0ms | Allocations: 3642)


Started GET "/answer?question=ert" for 127.0.0.1 at 2022-05-16 12:15:09 +0200
Processing by QuestionsController#answer as HTML
  Parameters: {"question"=>"ert"}
  Rendering layout layouts/application.html.erb
  Rendering questions/answer.html.erb within layouts/application
  Rendered questions/answer.html.erb within layouts/application (Duration: 1.4ms | Allocations: 248)
[Webpacker] Everything's up-to-date. Nothing to do
  Rendered layout layouts/application.html.erb (Duration: 10.6ms | Allocations: 3542)
Completed 200 OK in 15ms (Views: 13.2ms | Allocations: 4600)


Started GET "/answer?question=ert" for 127.0.0.1 at 2022-05-16 12:15:10 +0200
Processing by QuestionsController#answer as HTML
  Parameters: {"question"=>"ert"}
  Rendering layout layouts/application.html.erb
  Rendering questions/answer.html.erb within layouts/application
  Rendered questions/answer.html.erb within layouts/application (Duration: 0.3ms | Allocations: 59)
[Webpacker] Everything's up-to-date. Nothing to do
  Rendered layout layouts/application.html.erb (Duration: 8.0ms | Allocations: 2959)
Completed 200 OK in 10ms (Views: 8.9ms | Allocations: 3376)


Started GET "/answer?question=ert" for 127.0.0.1 at 2022-05-16 12:17:54 +0200
Processing by QuestionsController#answer as HTML
  Parameters: {"question"=>"ert"}
  Rendering layout layouts/application.html.erb
  Rendering questions/answer.html.erb within layouts/application
  Rendered questions/answer.html.erb within layouts/application (Duration: 1.1ms | Allocations: 250)
[Webpacker] Everything's up-to-date. Nothing to do
  Rendered layout layouts/application.html.erb (Duration: 27.7ms | Allocations: 10883)
Completed 200 OK in 34ms (Views: 31.3ms | Allocations: 11941)


Started GET "/answer?question=ert" for 127.0.0.1 at 2022-05-16 12:18:41 +0200
Processing by QuestionsController#answer as HTML
  Parameters: {"question"=>"ert"}
  Rendering layout layouts/application.html.erb
  Rendering questions/answer.html.erb within layouts/application
  Rendered questions/answer.html.erb within layouts/application (Duration: 0.6ms | Allocations: 59)
[Webpacker] Everything's up-to-date. Nothing to do
  Rendered layout layouts/application.html.erb (Duration: 27.4ms | Allocations: 10287)
Completed 200 OK in 31ms (Views: 28.9ms | Allocations: 10704)


Started GET "/answer?question=ert" for 127.0.0.1 at 2022-05-16 12:19:49 +0200
Processing by QuestionsController#answer as HTML
  Parameters: {"question"=>"ert"}
  Rendering layout layouts/application.html.erb
  Rendering questions/answer.html.erb within layouts/application
  Rendered questions/answer.html.erb within layouts/application (Duration: 1.6ms | Allocations: 260)
[Webpacker] Everything's up-to-date. Nothing to do
  Rendered layout layouts/application.html.erb (Duration: 9.6ms | Allocations: 3563)
Completed 200 OK in 14ms (Views: 12.3ms | Allocations: 4623)


Started GET "/answer?question=ert" for 127.0.0.1 at 2022-05-16 12:20:08 +0200
Processing by QuestionsController#answer as HTML
  Parameters: {"question"=>"ert"}
  Rendering layout layouts/application.html.erb
  Rendering questions/answer.html.erb within layouts/application
  Rendered questions/answer.html.erb within layouts/application (Duration: 1.0ms | Allocations: 251)
[Webpacker] Everything's up-to-date. Nothing to do
  Rendered layout layouts/application.html.erb (Duration: 11.0ms | Allocations: 3547)
Completed 200 OK in 14ms (Views: 13.0ms | Allocations: 4653)


Started GET "/ask" for 127.0.0.1 at 2022-05-16 12:23:21 +0200
Processing by QuestionsController#ask as HTML
  Rendering layout layouts/application.html.erb
  Rendering questions/ask.html.erb within layouts/application
  Rendered questions/ask.html.erb within layouts/application (Duration: 1.4ms | Allocations: 278)
[Webpacker] Everything's up-to-date. Nothing to do
  Rendered layout layouts/application.html.erb (Duration: 9.5ms | Allocations: 3610)
Completed 200 OK in 15ms (Views: 12.6ms | Allocations: 4912)


Started GET "/answer?question=qsdf" for 127.0.0.1 at 2022-05-16 12:23:23 +0200
Processing by QuestionsController#answer as HTML
  Parameters: {"question"=>"qsdf"}
  Rendering layout layouts/application.html.erb
  Rendering questions/answer.html.erb within layouts/application
  Rendered questions/answer.html.erb within layouts/application (Duration: 0.9ms | Allocations: 191)
[Webpacker] Everything's up-to-date. Nothing to do
  Rendered layout layouts/application.html.erb (Duration: 7.5ms | Allocations: 3091)
Completed 200 OK in 11ms (Views: 8.6ms | Allocations: 3635)


Started GET "/ask" for 127.0.0.1 at 2022-05-16 12:23:27 +0200
Processing by QuestionsController#ask as HTML
  Rendering layout layouts/application.html.erb
  Rendering questions/ask.html.erb within layouts/application
  Rendered questions/ask.html.erb within layouts/application (Duration: 0.4ms | Allocations: 38)
[Webpacker] Everything's up-to-date. Nothing to do
  Rendered layout layouts/application.html.erb (Duration: 14.1ms | Allocations: 2939)
Completed 200 OK in 18ms (Views: 15.8ms | Allocations: 3299)


Started GET "/answer?question=qsdf" for 127.0.0.1 at 2022-05-16 12:23:29 +0200
Processing by QuestionsController#answer as HTML
  Parameters: {"question"=>"qsdf"}
  Rendering layout layouts/application.html.erb
  Rendering questions/answer.html.erb within layouts/application
  Rendered questions/answer.html.erb within layouts/application (Duration: 0.4ms | Allocations: 60)
[Webpacker] Everything's up-to-date. Nothing to do
  Rendered layout layouts/application.html.erb (Duration: 14.9ms | Allocations: 2960)
Completed 200 OK in 17ms (Views: 16.0ms | Allocations: 3332)


Started GET "/ask" for 127.0.0.1 at 2022-05-16 12:23:30 +0200
Processing by QuestionsController#ask as HTML
  Rendering layout layouts/application.html.erb
  Rendering questions/ask.html.erb within layouts/application
  Rendered questions/ask.html.erb within layouts/application (Duration: 0.4ms | Allocations: 38)
[Webpacker] Everything's up-to-date. Nothing to do
  Rendered layout layouts/application.html.erb (Duration: 16.2ms | Allocations: 2944)
Completed 200 OK in 20ms (Views: 18.1ms | Allocations: 3304)


Started GET "/answer?question=qsdf" for 127.0.0.1 at 2022-05-16 12:23:31 +0200
Processing by QuestionsController#answer as HTML
  Parameters: {"question"=>"qsdf"}
  Rendering layout layouts/application.html.erb
  Rendering questions/answer.html.erb within layouts/application
  Rendered questions/answer.html.erb within layouts/application (Duration: 0.6ms | Allocations: 60)
[Webpacker] Everything's up-to-date. Nothing to do
  Rendered layout layouts/application.html.erb (Duration: 8.0ms | Allocations: 2967)
Completed 200 OK in 11ms (Views: 9.5ms | Allocations: 3339)


Started GET "/answer?question=qsdf" for 127.0.0.1 at 2022-05-16 12:24:41 +0200
Processing by QuestionsController#answer as HTML
  Parameters: {"question"=>"qsdf"}
  Rendering layout layouts/application.html.erb
  Rendering questions/answer.html.erb within layouts/application
  Rendered questions/answer.html.erb within layouts/application (Duration: 0.8ms | Allocations: 257)
[Webpacker] Everything's up-to-date. Nothing to do
  Rendered layout layouts/application.html.erb (Duration: 26.8ms | Allocations: 11030)
Completed 200 OK in 32ms (Views: 29.6ms | Allocations: 12091)


Started GET "/answer?question=qsdf" for 127.0.0.1 at 2022-05-16 12:25:17 +0200
Processing by QuestionsController#answer as HTML
  Parameters: {"question"=>"qsdf"}
  Rendering layout layouts/application.html.erb
  Rendering questions/answer.html.erb within layouts/application
  Rendered questions/answer.html.erb within layouts/application (Duration: 0.2ms | Allocations: 60)
[Webpacker] Everything's up-to-date. Nothing to do
  Rendered layout layouts/application.html.erb (Duration: 29.2ms | Allocations: 11168)
Completed 200 OK in 31ms (Views: 29.9ms | Allocations: 11587)


Started GET "/answer?question=qsdf" for 127.0.0.1 at 2022-05-16 12:25:30 +0200
Processing by QuestionsController#answer as HTML
  Parameters: {"question"=>"qsdf"}
  Rendering layout layouts/application.html.erb
  Rendering questions/answer.html.erb within layouts/application
  Rendered questions/answer.html.erb within layouts/application (Duration: 0.5ms | Allocations: 60)
[Webpacker] Everything's up-to-date. Nothing to do
  Rendered layout layouts/application.html.erb (Duration: 29.3ms | Allocations: 10297)
Completed 200 OK in 32ms (Views: 30.5ms | Allocations: 10668)


Started GET "/answer?question=qsdf" for 127.0.0.1 at 2022-05-16 12:25:45 +0200
Processing by QuestionsController#answer as HTML
  Parameters: {"question"=>"qsdf"}
  Rendering layout layouts/application.html.erb
  Rendering questions/answer.html.erb within layouts/application
  Rendered questions/answer.html.erb within layouts/application (Duration: 0.6ms | Allocations: 60)
[Webpacker] Everything's up-to-date. Nothing to do
  Rendered layout layouts/application.html.erb (Duration: 33.4ms | Allocations: 10313)
Completed 200 OK in 36ms (Views: 34.8ms | Allocations: 10684)


Started GET "/answer?question=qsdf" for 127.0.0.1 at 2022-05-16 12:26:21 +0200
Processing by QuestionsController#answer as HTML
  Parameters: {"question"=>"qsdf"}
  Rendering layout layouts/application.html.erb
  Rendering questions/answer.html.erb within layouts/application
  Rendered questions/answer.html.erb within layouts/application (Duration: 0.5ms | Allocations: 60)
[Webpacker] Everything's up-to-date. Nothing to do
  Rendered layout layouts/application.html.erb (Duration: 28.2ms | Allocations: 11181)
Completed 200 OK in 31ms (Views: 29.3ms | Allocations: 11552)


Started GET "/answer?question=qsdf" for 127.0.0.1 at 2022-05-16 12:26:43 +0200
Processing by QuestionsController#answer as HTML
  Parameters: {"question"=>"qsdf"}
  Rendering layout layouts/application.html.erb
  Rendering questions/answer.html.erb within layouts/application
  Rendered questions/answer.html.erb within layouts/application (Duration: 0.3ms | Allocations: 60)
[Webpacker] Everything's up-to-date. Nothing to do
  Rendered layout layouts/application.html.erb (Duration: 29.7ms | Allocations: 10769)
Completed 200 OK in 31ms (Views: 30.5ms | Allocations: 11140)


Started GET "/answer?question=qsdf" for 127.0.0.1 at 2022-05-16 12:27:00 +0200
Processing by QuestionsController#answer as HTML
  Parameters: {"question"=>"qsdf"}
  Rendering layout layouts/application.html.erb
  Rendering questions/answer.html.erb within layouts/application
  Rendered questions/answer.html.erb within layouts/application (Duration: 0.4ms | Allocations: 60)
[Webpacker] Everything's up-to-date. Nothing to do
  Rendered layout layouts/application.html.erb (Duration: 28.7ms | Allocations: 10301)
Completed 200 OK in 32ms (Views: 30.3ms | Allocations: 10672)


Started GET "/answer?question=qsdf" for 127.0.0.1 at 2022-05-16 12:27:40 +0200
Processing by QuestionsController#answer as HTML
  Parameters: {"question"=>"qsdf"}
  Rendering layout layouts/application.html.erb
  Rendering questions/answer.html.erb within layouts/application
  Rendered questions/answer.html.erb within layouts/application (Duration: 1.3ms | Allocations: 261)
[Webpacker] Everything's up-to-date. Nothing to do
  Rendered layout layouts/application.html.erb (Duration: 11.5ms | Allocations: 3564)
Completed 200 OK in 17ms (Views: 14.2ms | Allocations: 4626)


Started GET "/answer?question=qsdf" for 127.0.0.1 at 2022-05-16 12:28:07 +0200
Processing by QuestionsController#answer as HTML
  Parameters: {"question"=>"qsdf"}
  Rendering layout layouts/application.html.erb
  Rendering questions/answer.html.erb within layouts/application
  Rendered questions/answer.html.erb within layouts/application (Duration: 0.5ms | Allocations: 60)
[Webpacker] Everything's up-to-date. Nothing to do
  Rendered layout layouts/application.html.erb (Duration: 30.1ms | Allocations: 11327)
Completed 200 OK in 32ms (Views: 31.2ms | Allocations: 11746)


Started GET "/answer?question=qsdf" for 127.0.0.1 at 2022-05-16 12:28:08 +0200
Processing by QuestionsController#answer as HTML
  Parameters: {"question"=>"qsdf"}
  Rendering layout layouts/application.html.erb
  Rendering questions/answer.html.erb within layouts/application
  Rendered questions/answer.html.erb within layouts/application (Duration: 0.4ms | Allocations: 60)
[Webpacker] Everything's up-to-date. Nothing to do
  Rendered layout layouts/application.html.erb (Duration: 7.3ms | Allocations: 2960)
Completed 200 OK in 9ms (Views: 8.4ms | Allocations: 3331)


Started GET "/answer?question=qsdf" for 127.0.0.1 at 2022-05-16 12:28:19 +0200
Processing by QuestionsController#answer as HTML
  Parameters: {"question"=>"qsdf"}
  Rendering layout layouts/application.html.erb
  Rendering questions/answer.html.erb within layouts/application
  Rendered questions/answer.html.erb within layouts/application (Duration: 0.4ms | Allocations: 60)
[Webpacker] Everything's up-to-date. Nothing to do
  Rendered layout layouts/application.html.erb (Duration: 27.9ms | Allocations: 11221)
Completed 200 OK in 31ms (Views: 29.2ms | Allocations: 11592)


Started GET "/answer?question=qsdf" for 127.0.0.1 at 2022-05-16 12:29:40 +0200
Processing by QuestionsController#answer as HTML
  Parameters: {"question"=>"qsdf"}
  Rendering layout layouts/application.html.erb
  Rendering questions/answer.html.erb within layouts/application
  Rendered questions/answer.html.erb within layouts/application (Duration: 0.3ms | Allocations: 60)
[Webpacker] Everything's up-to-date. Nothing to do
  Rendered layout layouts/application.html.erb (Duration: 31.4ms | Allocations: 10309)
Completed 200 OK in 33ms (Views: 32.3ms | Allocations: 10680)


Started GET "/answer?question=qsdf" for 127.0.0.1 at 2022-05-16 12:29:57 +0200
Processing by QuestionsController#answer as HTML
  Parameters: {"question"=>"qsdf"}
  Rendering layout layouts/application.html.erb
  Rendering questions/answer.html.erb within layouts/application
  Rendered questions/answer.html.erb within layouts/application (Duration: 0.3ms | Allocations: 61)
[Webpacker] Everything's up-to-date. Nothing to do
  Rendered layout layouts/application.html.erb (Duration: 27.3ms | Allocations: 10325)
Completed 200 OK in 37ms (Views: 28.3ms | Allocations: 10697)


Started GET "/answer?question=qsdf" for 127.0.0.1 at 2022-05-16 12:30:09 +0200
Processing by QuestionsController#answer as HTML
  Parameters: {"question"=>"qsdf"}
  Rendering layout layouts/application.html.erb
  Rendering questions/answer.html.erb within layouts/application
  Rendered questions/answer.html.erb within layouts/application (Duration: 0.2ms | Allocations: 60)
[Webpacker] Everything's up-to-date. Nothing to do
  Rendered layout layouts/application.html.erb (Duration: 29.6ms | Allocations: 10796)
Completed 200 OK in 31ms (Views: 30.3ms | Allocations: 11167)


Started GET "/answer?question=qsdf" for 127.0.0.1 at 2022-05-16 12:30:20 +0200
Processing by QuestionsController#answer as HTML
  Parameters: {"question"=>"qsdf"}
  Rendering layout layouts/application.html.erb
  Rendering questions/answer.html.erb within layouts/application
  Rendered questions/answer.html.erb within layouts/application (Duration: 0.5ms | Allocations: 60)
[Webpacker] Everything's up-to-date. Nothing to do
  Rendered layout layouts/application.html.erb (Duration: 31.3ms | Allocations: 10309)
Completed 200 OK in 34ms (Views: 32.5ms | Allocations: 10680)


Started GET "/answer?question=qsdf" for 127.0.0.1 at 2022-05-16 12:30:59 +0200
Processing by QuestionsController#answer as HTML
  Parameters: {"question"=>"qsdf"}
  Rendering layout layouts/application.html.erb
  Rendering questions/answer.html.erb within layouts/application
  Rendered questions/answer.html.erb within layouts/application (Duration: 0.4ms | Allocations: 60)
[Webpacker] Everything's up-to-date. Nothing to do
  Rendered layout layouts/application.html.erb (Duration: 30.3ms | Allocations: 11242)
Completed 200 OK in 32ms (Views: 31.2ms | Allocations: 11613)


Started GET "/answer?question=qsdf" for 127.0.0.1 at 2022-05-16 12:31:00 +0200
Processing by QuestionsController#answer as HTML
  Parameters: {"question"=>"qsdf"}
  Rendering layout layouts/application.html.erb
  Rendering questions/answer.html.erb within layouts/application
  Rendered questions/answer.html.erb within layouts/application (Duration: 0.5ms | Allocations: 60)
[Webpacker] Everything's up-to-date. Nothing to do
  Rendered layout layouts/application.html.erb (Duration: 9.7ms | Allocations: 2960)
Completed 200 OK in 13ms (Views: 11.2ms | Allocations: 3331)


Started GET "/answer?question=qsdf" for 127.0.0.1 at 2022-05-16 12:31:22 +0200
Processing by QuestionsController#answer as HTML
  Parameters: {"question"=>"qsdf"}
  Rendering layout layouts/application.html.erb
  Rendering questions/answer.html.erb within layouts/application
  Rendered questions/answer.html.erb within layouts/application (Duration: 0.3ms | Allocations: 60)
[Webpacker] Everything's up-to-date. Nothing to do
  Rendered layout layouts/application.html.erb (Duration: 29.8ms | Allocations: 10327)
Completed 200 OK in 32ms (Views: 30.9ms | Allocations: 10698)


Started GET "/ask" for 127.0.0.1 at 2022-05-16 12:31:47 +0200
Processing by QuestionsController#ask as HTML
  Rendering layout layouts/application.html.erb
  Rendering questions/ask.html.erb within layouts/application
  Rendered questions/ask.html.erb within layouts/application (Duration: 3.0ms | Allocations: 114)
[Webpacker] Everything's up-to-date. Nothing to do
  Rendered layout layouts/application.html.erb (Duration: 14.5ms | Allocations: 3017)
Completed 200 OK in 19ms (Views: 16.4ms | Allocations: 3504)


Started GET "/answer?question=" for 127.0.0.1 at 2022-05-16 12:31:48 +0200
Processing by QuestionsController#answer as HTML
  Parameters: {"question"=>""}
  Rendering layout layouts/application.html.erb
  Rendering questions/answer.html.erb within layouts/application
  Rendered questions/answer.html.erb within layouts/application (Duration: 0.8ms | Allocations: 60)
[Webpacker] Everything's up-to-date. Nothing to do
  Rendered layout layouts/application.html.erb (Duration: 9.0ms | Allocations: 2960)
Completed 200 OK in 11ms (Views: 9.9ms | Allocations: 3331)


Started GET "/ask" for 127.0.0.1 at 2022-05-16 12:31:49 +0200
Processing by QuestionsController#ask as HTML
  Rendering layout layouts/application.html.erb
  Rendering questions/ask.html.erb within layouts/application
  Rendered questions/ask.html.erb within layouts/application (Duration: 0.3ms | Allocations: 38)
[Webpacker] Everything's up-to-date. Nothing to do
  Rendered layout layouts/application.html.erb (Duration: 13.6ms | Allocations: 2939)
Completed 200 OK in 17ms (Views: 15.1ms | Allocations: 3299)


Started GET "/answer?question=" for 127.0.0.1 at 2022-05-16 12:31:50 +0200
Processing by QuestionsController#answer as HTML
  Parameters: {"question"=>""}
  Rendering layout layouts/application.html.erb
  Rendering questions/answer.html.erb within layouts/application
  Rendered questions/answer.html.erb within layouts/application (Duration: 0.3ms | Allocations: 60)
[Webpacker] Everything's up-to-date. Nothing to do
  Rendered layout layouts/application.html.erb (Duration: 8.0ms | Allocations: 2960)
Completed 200 OK in 10ms (Views: 8.9ms | Allocations: 3331)


Started GET "/answer?question=" for 127.0.0.1 at 2022-05-16 12:33:37 +0200
Processing by QuestionsController#answer as HTML
  Parameters: {"question"=>""}
  Rendering layout layouts/application.html.erb
  Rendering questions/answer.html.erb within layouts/application
  Rendered questions/answer.html.erb within layouts/application (Duration: 0.7ms | Allocations: 60)
[Webpacker] Everything's up-to-date. Nothing to do
  Rendered layout layouts/application.html.erb (Duration: 32.3ms | Allocations: 11224)
Completed 200 OK in 34ms (Views: 33.5ms | Allocations: 11595)


Started GET "/answer?question=" for 127.0.0.1 at 2022-05-16 12:34:03 +0200
Processing by QuestionsController#answer as HTML
  Parameters: {"question"=>""}
  Rendering layout layouts/application.html.erb
  Rendering questions/answer.html.erb within layouts/application
  Rendered questions/answer.html.erb within layouts/application (Duration: 0.4ms | Allocations: 60)
[Webpacker] Everything's up-to-date. Nothing to do
  Rendered layout layouts/application.html.erb (Duration: 32.6ms | Allocations: 10728)
Completed 200 OK in 35ms (Views: 34.0ms | Allocations: 11100)


Started GET "/answer?question=" for 127.0.0.1 at 2022-05-16 12:34:33 +0200
Processing by QuestionsController#answer as HTML
  Parameters: {"question"=>""}
  Rendering layout layouts/application.html.erb
  Rendering questions/answer.html.erb within layouts/application
  Rendered questions/answer.html.erb within layouts/application (Duration: 0.6ms | Allocations: 60)
[Webpacker] Everything's up-to-date. Nothing to do
  Rendered layout layouts/application.html.erb (Duration: 30.6ms | Allocations: 10792)
Completed 200 OK in 33ms (Views: 32.1ms | Allocations: 11164)


Started GET "/ask" for 127.0.0.1 at 2022-05-16 12:34:35 +0200
Processing by QuestionsController#ask as HTML
  Rendering layout layouts/application.html.erb
  Rendering questions/ask.html.erb within layouts/application
  Rendered questions/ask.html.erb within layouts/application (Duration: 0.3ms | Allocations: 38)
[Webpacker] Everything's up-to-date. Nothing to do
  Rendered layout layouts/application.html.erb (Duration: 12.3ms | Allocations: 2950)
Completed 200 OK in 15ms (Views: 13.9ms | Allocations: 3310)


Started GET "/answer?question=" for 127.0.0.1 at 2022-05-16 12:34:37 +0200
Processing by QuestionsController#answer as HTML
  Parameters: {"question"=>""}
  Rendering layout layouts/application.html.erb
  Rendering questions/answer.html.erb within layouts/application
  Rendered questions/answer.html.erb within layouts/application (Duration: 0.6ms | Allocations: 60)
[Webpacker] Everything's up-to-date. Nothing to do
  Rendered layout layouts/application.html.erb (Duration: 8.2ms | Allocations: 2960)
Completed 200 OK in 10ms (Views: 9.3ms | Allocations: 3331)


Started GET "/answer?question=" for 127.0.0.1 at 2022-05-16 12:34:50 +0200
Processing by QuestionsController#answer as HTML
  Parameters: {"question"=>""}
  Rendering layout layouts/application.html.erb
  Rendering questions/answer.html.erb within layouts/application
  Rendered questions/answer.html.erb within layouts/application (Duration: 0.5ms | Allocations: 60)
[Webpacker] Everything's up-to-date. Nothing to do
  Rendered layout layouts/application.html.erb (Duration: 37.8ms | Allocations: 10800)
Completed 200 OK in 41ms (Views: 39.2ms | Allocations: 11171)


Started GET "/ask" for 127.0.0.1 at 2022-05-16 12:34:51 +0200
Processing by QuestionsController#ask as HTML
  Rendering layout layouts/application.html.erb
  Rendering questions/ask.html.erb within layouts/application
  Rendered questions/ask.html.erb within layouts/application (Duration: 0.4ms | Allocations: 38)
[Webpacker] Everything's up-to-date. Nothing to do
  Rendered layout layouts/application.html.erb (Duration: 14.8ms | Allocations: 2941)
Completed 200 OK in 19ms (Views: 17.1ms | Allocations: 3301)


Started GET "/answer?question=" for 127.0.0.1 at 2022-05-16 12:34:53 +0200
Processing by QuestionsController#answer as HTML
  Parameters: {"question"=>""}
  Rendering layout layouts/application.html.erb
  Rendering questions/answer.html.erb within layouts/application
  Rendered questions/answer.html.erb within layouts/application (Duration: 0.4ms | Allocations: 60)
[Webpacker] Everything's up-to-date. Nothing to do
  Rendered layout layouts/application.html.erb (Duration: 10.0ms | Allocations: 2972)
Completed 200 OK in 13ms (Views: 11.1ms | Allocations: 3344)


Started GET "/answer?question=" for 127.0.0.1 at 2022-05-16 12:35:18 +0200
Processing by QuestionsController#answer as HTML
  Parameters: {"question"=>""}
  Rendering layout layouts/application.html.erb
  Rendering questions/answer.html.erb within layouts/application
  Rendered questions/answer.html.erb within layouts/application (Duration: 0.4ms | Allocations: 60)
[Webpacker] Everything's up-to-date. Nothing to do
  Rendered layout layouts/application.html.erb (Duration: 35.4ms | Allocations: 11609)
Completed 200 OK in 38ms (Views: 36.7ms | Allocations: 11980)


Started GET "/answer?question=" for 127.0.0.1 at 2022-05-16 12:35:39 +0200
Processing by QuestionsController#answer as HTML
  Parameters: {"question"=>""}
  Rendering layout layouts/application.html.erb
  Rendering questions/answer.html.erb within layouts/application
  Rendered questions/answer.html.erb within layouts/application (Duration: 0.4ms | Allocations: 60)
[Webpacker] Everything's up-to-date. Nothing to do
  Rendered layout layouts/application.html.erb (Duration: 29.4ms | Allocations: 10754)
Completed 200 OK in 31ms (Views: 30.5ms | Allocations: 11125)


Started GET "/answer?question=" for 127.0.0.1 at 2022-05-16 12:35:41 +0200
Processing by QuestionsController#answer as HTML
  Parameters: {"question"=>""}
  Rendering layout layouts/application.html.erb
  Rendering questions/answer.html.erb within layouts/application
  Rendered questions/answer.html.erb within layouts/application (Duration: 0.3ms | Allocations: 60)
[Webpacker] Everything's up-to-date. Nothing to do
  Rendered layout layouts/application.html.erb (Duration: 10.7ms | Allocations: 2960)
Completed 200 OK in 13ms (Views: 11.8ms | Allocations: 3331)


Started GET "/ask" for 127.0.0.1 at 2022-05-16 12:35:42 +0200
Processing by QuestionsController#ask as HTML
  Rendering layout layouts/application.html.erb
  Rendering questions/ask.html.erb within layouts/application
  Rendered questions/ask.html.erb within layouts/application (Duration: 0.4ms | Allocations: 38)
[Webpacker] Everything's up-to-date. Nothing to do
  Rendered layout layouts/application.html.erb (Duration: 13.4ms | Allocations: 2939)
Completed 200 OK in 16ms (Views: 15.0ms | Allocations: 3299)


Started GET "/answer?question=" for 127.0.0.1 at 2022-05-16 12:35:58 +0200
Processing by QuestionsController#answer as HTML
  Parameters: {"question"=>""}
  Rendering layout layouts/application.html.erb
  Rendering questions/answer.html.erb within layouts/application
  Rendered questions/answer.html.erb within layouts/application (Duration: 0.5ms | Allocations: 60)
[Webpacker] Everything's up-to-date. Nothing to do
  Rendered layout layouts/application.html.erb (Duration: 34.7ms | Allocations: 11217)
Completed 200 OK in 38ms (Views: 36.5ms | Allocations: 11589)


Started GET "/answer?question=" for 127.0.0.1 at 2022-05-16 12:36:00 +0200
Processing by QuestionsController#answer as HTML
  Parameters: {"question"=>""}
  Rendering layout layouts/application.html.erb
  Rendering questions/answer.html.erb within layouts/application
  Rendered questions/answer.html.erb within layouts/application (Duration: 0.2ms | Allocations: 60)
[Webpacker] Everything's up-to-date. Nothing to do
  Rendered layout layouts/application.html.erb (Duration: 11.4ms | Allocations: 2964)
Completed 200 OK in 13ms (Views: 12.3ms | Allocations: 3336)


Started GET "/answer?question=" for 127.0.0.1 at 2022-05-16 12:37:09 +0200
Processing by QuestionsController#answer as HTML
  Parameters: {"question"=>""}
  Rendering layout layouts/application.html.erb
  Rendering questions/answer.html.erb within layouts/application
  Rendered questions/answer.html.erb within layouts/application (Duration: 0.4ms | Allocations: 60)
[Webpacker] Everything's up-to-date. Nothing to do
  Rendered layout layouts/application.html.erb (Duration: 32.7ms | Allocations: 11650)
Completed 200 OK in 35ms (Views: 33.7ms | Allocations: 12021)


Started GET "/ask" for 127.0.0.1 at 2022-05-16 12:37:11 +0200
Processing by QuestionsController#ask as HTML
  Rendering layout layouts/application.html.erb
  Rendering questions/ask.html.erb within layouts/application
  Rendered questions/ask.html.erb within layouts/application (Duration: 0.3ms | Allocations: 38)
[Webpacker] Everything's up-to-date. Nothing to do
  Rendered layout layouts/application.html.erb (Duration: 16.2ms | Allocations: 2957)
Completed 200 OK in 20ms (Views: 18.9ms | Allocations: 3318)


Started GET "/answer?question=" for 127.0.0.1 at 2022-05-16 12:37:12 +0200
Processing by QuestionsController#answer as HTML
  Parameters: {"question"=>""}
  Rendering layout layouts/application.html.erb
  Rendering questions/answer.html.erb within layouts/application
  Rendered questions/answer.html.erb within layouts/application (Duration: 0.7ms | Allocations: 60)
[Webpacker] Everything's up-to-date. Nothing to do
  Rendered layout layouts/application.html.erb (Duration: 9.5ms | Allocations: 2960)
Completed 200 OK in 13ms (Views: 11.2ms | Allocations: 3331)


Started GET "/ask" for 127.0.0.1 at 2022-05-16 12:37:13 +0200
Processing by QuestionsController#ask as HTML
  Rendering layout layouts/application.html.erb
  Rendering questions/ask.html.erb within layouts/application
  Rendered questions/ask.html.erb within layouts/application (Duration: 0.2ms | Allocations: 38)
[Webpacker] Everything's up-to-date. Nothing to do
  Rendered layout layouts/application.html.erb (Duration: 11.1ms | Allocations: 2939)
Completed 200 OK in 15ms (Views: 12.5ms | Allocations: 3299)


Started GET "/answer?question=" for 127.0.0.1 at 2022-05-16 12:39:58 +0200
Processing by QuestionsController#answer as HTML
  Parameters: {"question"=>""}
  Rendering layout layouts/application.html.erb
  Rendering questions/answer.html.erb within layouts/application
  Rendered questions/answer.html.erb within layouts/application (Duration: 0.3ms | Allocations: 60)
[Webpacker] Everything's up-to-date. Nothing to do
  Rendered layout layouts/application.html.erb (Duration: 11.0ms | Allocations: 2965)
Completed 200 OK in 13ms (Views: 11.8ms | Allocations: 3337)


Started GET "/ask" for 127.0.0.1 at 2022-05-16 12:39:59 +0200
Processing by QuestionsController#ask as HTML
  Rendering layout layouts/application.html.erb
  Rendering questions/ask.html.erb within layouts/application
  Rendered questions/ask.html.erb within layouts/application (Duration: 1.0ms | Allocations: 38)
[Webpacker] Everything's up-to-date. Nothing to do
  Rendered layout layouts/application.html.erb (Duration: 18.9ms | Allocations: 2944)
Completed 200 OK in 23ms (Views: 21.5ms | Allocations: 3305)


Started GET "/answer?question=" for 127.0.0.1 at 2022-05-16 12:40:01 +0200
Processing by QuestionsController#answer as HTML
  Parameters: {"question"=>""}
  Rendering layout layouts/application.html.erb
  Rendering questions/answer.html.erb within layouts/application
  Rendered questions/answer.html.erb within layouts/application (Duration: 0.5ms | Allocations: 60)
[Webpacker] Everything's up-to-date. Nothing to do
  Rendered layout layouts/application.html.erb (Duration: 9.9ms | Allocations: 2967)
Completed 200 OK in 13ms (Views: 11.2ms | Allocations: 3338)


Started GET "/ask" for 127.0.0.1 at 2022-05-16 12:40:08 +0200
Processing by QuestionsController#ask as HTML
  Rendering layout layouts/application.html.erb
  Rendering questions/ask.html.erb within layouts/application
  Rendered questions/ask.html.erb within layouts/application (Duration: 2.1ms | Allocations: 38)
[Webpacker] Everything's up-to-date. Nothing to do
  Rendered layout layouts/application.html.erb (Duration: 20.3ms | Allocations: 2941)
Completed 200 OK in 24ms (Views: 22.4ms | Allocations: 3302)


Started GET "/answer?question=" for 127.0.0.1 at 2022-05-16 12:40:16 +0200
Processing by QuestionsController#answer as HTML
  Parameters: {"question"=>""}
  Rendering layout layouts/application.html.erb
  Rendering questions/answer.html.erb within layouts/application
  Rendered questions/answer.html.erb within layouts/application (Duration: 0.4ms | Allocations: 60)
[Webpacker] Everything's up-to-date. Nothing to do
  Rendered layout layouts/application.html.erb (Duration: 8.7ms | Allocations: 2960)
Completed 200 OK in 10ms (Views: 9.4ms | Allocations: 3331)


Started GET "/ask" for 127.0.0.1 at 2022-05-16 12:40:17 +0200
Processing by QuestionsController#ask as HTML
  Rendering layout layouts/application.html.erb
  Rendering questions/ask.html.erb within layouts/application
  Rendered questions/ask.html.erb within layouts/application (Duration: 0.3ms | Allocations: 38)
[Webpacker] Everything's up-to-date. Nothing to do
  Rendered layout layouts/application.html.erb (Duration: 12.7ms | Allocations: 2939)
Completed 200 OK in 18ms (Views: 16.0ms | Allocations: 3300)


Started GET "/answer?question=" for 127.0.0.1 at 2022-05-16 12:40:31 +0200
Processing by QuestionsController#answer as HTML
  Parameters: {"question"=>""}
  Rendering layout layouts/application.html.erb
  Rendering questions/answer.html.erb within layouts/application
  Rendered questions/answer.html.erb within layouts/application (Duration: 0.5ms | Allocations: 60)
[Webpacker] Everything's up-to-date. Nothing to do
  Rendered layout layouts/application.html.erb (Duration: 38.6ms | Allocations: 11185)
Completed 200 OK in 42ms (Views: 39.9ms | Allocations: 11556)


Started GET "/answer?question=" for 127.0.0.1 at 2022-05-16 12:40:49 +0200
Processing by QuestionsController#answer as HTML
  Parameters: {"question"=>""}
  Rendering layout layouts/application.html.erb
  Rendering questions/answer.html.erb within layouts/application
  Rendered questions/answer.html.erb within layouts/application (Duration: 0.7ms | Allocations: 60)
[Webpacker] Everything's up-to-date. Nothing to do
  Rendered layout layouts/application.html.erb (Duration: 39.9ms | Allocations: 10764)
Completed 200 OK in 43ms (Views: 41.6ms | Allocations: 11135)


Started GET "/answer?question=" for 127.0.0.1 at 2022-05-16 12:42:18 +0200
Processing by QuestionsController#answer as HTML
  Parameters: {"question"=>""}
  Rendering layout layouts/application.html.erb
  Rendering questions/answer.html.erb within layouts/application
  Rendered questions/answer.html.erb within layouts/application (Duration: 0.3ms | Allocations: 60)
[Webpacker] Everything's up-to-date. Nothing to do
  Rendered layout layouts/application.html.erb (Duration: 39.1ms | Allocations: 10323)
Completed 200 OK in 42ms (Views: 40.5ms | Allocations: 10694)


Started GET "/answer?question=" for 127.0.0.1 at 2022-05-16 12:42:54 +0200
Processing by QuestionsController#answer as HTML
  Parameters: {"question"=>""}
  Rendering layout layouts/application.html.erb
  Rendering questions/answer.html.erb within layouts/application
  Rendered questions/answer.html.erb within layouts/application (Duration: 0.4ms | Allocations: 60)
  Rendered layout layouts/application.html.erb (Duration: 20.5ms | Allocations: 4660)
Completed 500 Internal Server Error in 24ms (Allocations: 5013)


  
ActionView::Template::Error (Error: Undefined variable: "$rgb".
        on line 7:14 of app/assets/stylesheets/questions.scss
>>  background: $rgb(108, 108, 108);

   -------------^
):
     6:     <%= csrf_meta_tags %>
     7:     <%= csp_meta_tag %>
     8: 
     9:     <%= stylesheet_link_tag 'application', media: 'all', 'data-turbolinks-track': 'reload' %>
    10:     <%= javascript_pack_tag 'application', 'data-turbolinks-track': 'reload' %>
    11:   </head>
    12: 
  
app/assets/stylesheets/questions.scss:7
app/views/layouts/application.html.erb:9
Started GET "/answer?question=" for 127.0.0.1 at 2022-05-16 12:43:13 +0200
Processing by QuestionsController#answer as HTML
  Parameters: {"question"=>""}
  Rendering layout layouts/application.html.erb
  Rendering questions/answer.html.erb within layouts/application
  Rendered questions/answer.html.erb within layouts/application (Duration: 0.4ms | Allocations: 60)
[Webpacker] Everything's up-to-date. Nothing to do
  Rendered layout layouts/application.html.erb (Duration: 42.7ms | Allocations: 11195)
Completed 200 OK in 45ms (Views: 44.0ms | Allocations: 11566)


Started GET "/answer?question=" for 127.0.0.1 at 2022-05-16 12:43:30 +0200
Processing by QuestionsController#answer as HTML
  Parameters: {"question"=>""}
  Rendering layout layouts/application.html.erb
  Rendering questions/answer.html.erb within layouts/application
  Rendered questions/answer.html.erb within layouts/application (Duration: 0.5ms | Allocations: 60)
[Webpacker] Everything's up-to-date. Nothing to do
  Rendered layout layouts/application.html.erb (Duration: 41.6ms | Allocations: 10802)
Completed 200 OK in 44ms (Views: 42.8ms | Allocations: 11173)


Started GET "/answer?question=" for 127.0.0.1 at 2022-05-16 12:44:22 +0200
Processing by QuestionsController#answer as HTML
  Parameters: {"question"=>""}
  Rendering layout layouts/application.html.erb
  Rendering questions/answer.html.erb within layouts/application
  Rendered questions/answer.html.erb within layouts/application (Duration: 0.1ms | Allocations: 60)
[Webpacker] Everything's up-to-date. Nothing to do
  Rendered layout layouts/application.html.erb (Duration: 16.3ms | Allocations: 10317)
Completed 200 OK in 17ms (Views: 16.8ms | Allocations: 10688)


Started GET "/answer?question=" for 127.0.0.1 at 2022-05-16 12:44:32 +0200
Processing by QuestionsController#answer as HTML
  Parameters: {"question"=>""}
  Rendering layout layouts/application.html.erb
  Rendering questions/answer.html.erb within layouts/application
  Rendered questions/answer.html.erb within layouts/application (Duration: 0.1ms | Allocations: 60)
[Webpacker] Everything's up-to-date. Nothing to do
  Rendered layout layouts/application.html.erb (Duration: 16.8ms | Allocations: 10794)
Completed 200 OK in 18ms (Views: 17.2ms | Allocations: 11165)


Started GET "/ask" for 127.0.0.1 at 2022-05-16 12:44:34 +0200
Processing by QuestionsController#ask as HTML
  Rendering layout layouts/application.html.erb
  Rendering questions/ask.html.erb within layouts/application
  Rendered questions/ask.html.erb within layouts/application (Duration: 0.1ms | Allocations: 38)
[Webpacker] Everything's up-to-date. Nothing to do
  Rendered layout layouts/application.html.erb (Duration: 5.2ms | Allocations: 2939)
Completed 200 OK in 6ms (Views: 5.7ms | Allocations: 3299)


Started GET "/answer?question=qsdfg" for 127.0.0.1 at 2022-05-16 12:44:36 +0200
Processing by QuestionsController#answer as HTML
  Parameters: {"question"=>"qsdfg"}
  Rendering layout layouts/application.html.erb
  Rendering questions/answer.html.erb within layouts/application
  Rendered questions/answer.html.erb within layouts/application (Duration: 0.1ms | Allocations: 60)
[Webpacker] Everything's up-to-date. Nothing to do
  Rendered layout layouts/application.html.erb (Duration: 5.4ms | Allocations: 2961)
Completed 200 OK in 7ms (Views: 6.1ms | Allocations: 3333)


Started GET "/ask" for 127.0.0.1 at 2022-05-16 12:44:38 +0200
Processing by QuestionsController#ask as HTML
  Rendering layout layouts/application.html.erb
  Rendering questions/ask.html.erb within layouts/application
  Rendered questions/ask.html.erb within layouts/application (Duration: 0.1ms | Allocations: 38)
[Webpacker] Everything's up-to-date. Nothing to do
  Rendered layout layouts/application.html.erb (Duration: 5.8ms | Allocations: 2946)
Completed 200 OK in 7ms (Views: 6.5ms | Allocations: 3307)


Started GET "/answer?question=hello+coach+%21+how+are+you+%3F" for 127.0.0.1 at 2022-05-16 12:44:48 +0200
Processing by QuestionsController#answer as HTML
  Parameters: {"question"=>"hello coach ! how are you ?"}
  Rendering layout layouts/application.html.erb
  Rendering questions/answer.html.erb within layouts/application
  Rendered questions/answer.html.erb within layouts/application (Duration: 0.3ms | Allocations: 61)
[Webpacker] Everything's up-to-date. Nothing to do
  Rendered layout layouts/application.html.erb (Duration: 4.1ms | Allocations: 2961)
Completed 200 OK in 5ms (Views: 4.6ms | Allocations: 3332)


Started GET "/answer?question=hello+coach+%21+how+are+you+%3F" for 127.0.0.1 at 2022-05-16 12:45:15 +0200
Processing by QuestionsController#answer as HTML
  Parameters: {"question"=>"hello coach ! how are you ?"}
  Rendering layout layouts/application.html.erb
  Rendering questions/answer.html.erb within layouts/application
  Rendered questions/answer.html.erb within layouts/application (Duration: 0.2ms | Allocations: 61)
[Webpacker] Everything's up-to-date. Nothing to do
  Rendered layout layouts/application.html.erb (Duration: 16.4ms | Allocations: 11665)
Completed 200 OK in 18ms (Views: 16.9ms | Allocations: 12036)


Started GET "/answer?question=hello+coach+%21+how+are+you+%3F" for 127.0.0.1 at 2022-05-16 12:45:34 +0200
Processing by QuestionsController#answer as HTML
  Parameters: {"question"=>"hello coach ! how are you ?"}
  Rendering layout layouts/application.html.erb
  Rendering questions/answer.html.erb within layouts/application
  Rendered questions/answer.html.erb within layouts/application (Duration: 0.5ms | Allocations: 260)
[Webpacker] Everything's up-to-date. Nothing to do
  Rendered layout layouts/application.html.erb (Duration: 4.6ms | Allocations: 3556)
Completed 200 OK in 6ms (Views: 5.5ms | Allocations: 4610)


Started GET "/answer?question=hello+coach+%21+how+are+you+%3F" for 127.0.0.1 at 2022-05-16 12:46:21 +0200
Processing by QuestionsController#answer as HTML
  Parameters: {"question"=>"hello coach ! how are you ?"}
  Rendering layout layouts/application.html.erb
  Rendering questions/answer.html.erb within layouts/application
  Rendered questions/answer.html.erb within layouts/application (Duration: 0.5ms | Allocations: 256)
[Webpacker] Everything's up-to-date. Nothing to do
  Rendered layout layouts/application.html.erb (Duration: 8.4ms | Allocations: 3556)
Completed 200 OK in 11ms (Views: 9.7ms | Allocations: 4663)


Started GET "/answer?question=hello+coach+%21+how+are+you+%3F" for 127.0.0.1 at 2022-05-16 12:47:03 +0200
Processing by QuestionsController#answer as HTML
  Parameters: {"question"=>"hello coach ! how are you ?"}
  Rendering layout layouts/application.html.erb
  Rendering questions/answer.html.erb within layouts/application
  Rendered questions/answer.html.erb within layouts/application (Duration: 0.2ms | Allocations: 61)
[Webpacker] Everything's up-to-date. Nothing to do
  Rendered layout layouts/application.html.erb (Duration: 16.9ms | Allocations: 11850)
Completed 200 OK in 18ms (Views: 17.4ms | Allocations: 12269)


Started GET "/answer?question=hello+coach+%21+how+are+you+%3F" for 127.0.0.1 at 2022-05-16 12:47:23 +0200
Processing by QuestionsController#answer as HTML
  Parameters: {"question"=>"hello coach ! how are you ?"}
  Rendering layout layouts/application.html.erb
  Rendering questions/answer.html.erb within layouts/application
  Rendered questions/answer.html.erb within layouts/application (Duration: 0.1ms | Allocations: 61)
[Webpacker] Everything's up-to-date. Nothing to do
  Rendered layout layouts/application.html.erb (Duration: 15.9ms | Allocations: 10325)
Completed 200 OK in 17ms (Views: 16.2ms | Allocations: 10696)


Started GET "/answer?question=hello+coach+%21+how+are+you+%3F" for 127.0.0.1 at 2022-05-16 12:47:56 +0200
Processing by QuestionsController#answer as HTML
  Parameters: {"question"=>"hello coach ! how are you ?"}
  Rendering layout layouts/application.html.erb
  Rendering questions/answer.html.erb within layouts/application
  Rendered questions/answer.html.erb within layouts/application (Duration: 0.1ms | Allocations: 61)
[Webpacker] Everything's up-to-date. Nothing to do
  Rendered layout layouts/application.html.erb (Duration: 16.2ms | Allocations: 12517)
Completed 200 OK in 17ms (Views: 16.6ms | Allocations: 12888)


Started GET "/answer?question=hello+coach+%21+how+are+you+%3F" for 127.0.0.1 at 2022-05-16 12:49:42 +0200
Processing by QuestionsController#answer as HTML
  Parameters: {"question"=>"hello coach ! how are you ?"}
  Rendering layout layouts/application.html.erb
  Rendering questions/answer.html.erb within layouts/application
  Rendered questions/answer.html.erb within layouts/application (Duration: 0.6ms | Allocations: 263)
[Webpacker] Everything's up-to-date. Nothing to do
  Rendered layout layouts/application.html.erb (Duration: 18.4ms | Allocations: 11555)
Completed 200 OK in 20ms (Views: 19.5ms | Allocations: 12616)


Started GET "/answer?question=hello+coach+%21+how+are+you+%3F" for 127.0.0.1 at 2022-05-16 12:50:47 +0200
Processing by QuestionsController#answer as HTML
  Parameters: {"question"=>"hello coach ! how are you ?"}
  Rendering layout layouts/application.html.erb
  Rendering questions/answer.html.erb within layouts/application
  Rendered questions/answer.html.erb within layouts/application (Duration: 0.2ms | Allocations: 61)
[Webpacker] Everything's up-to-date. Nothing to do
  Rendered layout layouts/application.html.erb (Duration: 3.9ms | Allocations: 2961)
Completed 200 OK in 5ms (Views: 4.3ms | Allocations: 3380)


Started GET "/answer?question=hello+coach+%21+how+are+you+%3F" for 127.0.0.1 at 2022-05-16 12:51:08 +0200
Processing by QuestionsController#answer as HTML
  Parameters: {"question"=>"hello coach ! how are you ?"}
  Rendering layout layouts/application.html.erb
  Rendering questions/answer.html.erb within layouts/application
  Rendered questions/answer.html.erb within layouts/application (Duration: 0.6ms | Allocations: 253)
[Webpacker] Everything's up-to-date. Nothing to do
  Rendered layout layouts/application.html.erb (Duration: 5.8ms | Allocations: 3604)
Completed 200 OK in 8ms (Views: 6.9ms | Allocations: 4663)


Started GET "/ask" for 127.0.0.1 at 2022-05-16 12:51:31 +0200
Processing by QuestionsController#ask as HTML
  Rendering layout layouts/application.html.erb
  Rendering questions/ask.html.erb within layouts/application
  Rendered questions/ask.html.erb within layouts/application (Duration: 0.5ms | Allocations: 109)
[Webpacker] Everything's up-to-date. Nothing to do
  Rendered layout layouts/application.html.erb (Duration: 4.6ms | Allocations: 3012)
Completed 200 OK in 7ms (Views: 5.4ms | Allocations: 3543)


Started GET "/answer?question=" for 127.0.0.1 at 2022-05-16 12:51:35 +0200
Processing by QuestionsController#answer as HTML
  Parameters: {"question"=>""}
  Rendering layout layouts/application.html.erb
  Rendering questions/answer.html.erb within layouts/application
  Rendered questions/answer.html.erb within layouts/application (Duration: 0.2ms | Allocations: 60)
[Webpacker] Everything's up-to-date. Nothing to do
  Rendered layout layouts/application.html.erb (Duration: 4.2ms | Allocations: 2967)
Completed 200 OK in 5ms (Views: 4.7ms | Allocations: 3342)


Started GET "/ask" for 127.0.0.1 at 2022-05-16 12:51:36 +0200
Processing by QuestionsController#ask as HTML
  Rendering layout layouts/application.html.erb
  Rendering questions/ask.html.erb within layouts/application
  Rendered questions/ask.html.erb within layouts/application (Duration: 0.2ms | Allocations: 38)
[Webpacker] Everything's up-to-date. Nothing to do
  Rendered layout layouts/application.html.erb (Duration: 5.9ms | Allocations: 2946)
Completed 200 OK in 7ms (Views: 6.7ms | Allocations: 3307)


Started GET "/ask" for 127.0.0.1 at 2022-05-16 12:52:54 +0200
Processing by QuestionsController#ask as HTML
  Rendering layout layouts/application.html.erb
  Rendering questions/ask.html.erb within layouts/application
  Rendered questions/ask.html.erb within layouts/application (Duration: 0.1ms | Allocations: 38)
[Webpacker] Everything's up-to-date. Nothing to do
  Rendered layout layouts/application.html.erb (Duration: 16.0ms | Allocations: 11719)
Completed 200 OK in 17ms (Views: 16.4ms | Allocations: 12076)


Started GET "/answer?question=" for 127.0.0.1 at 2022-05-16 12:53:46 +0200
Processing by QuestionsController#answer as HTML
  Parameters: {"question"=>""}
  Rendering layout layouts/application.html.erb
  Rendering questions/answer.html.erb within layouts/application
  Rendered questions/answer.html.erb within layouts/application (Duration: 0.2ms | Allocations: 60)
[Webpacker] Everything's up-to-date. Nothing to do
  Rendered layout layouts/application.html.erb (Duration: 4.6ms | Allocations: 2960)
Completed 200 OK in 6ms (Views: 5.3ms | Allocations: 3331)


